<?xml version="1.0" encoding="UTF-8"?>
<!-- Generated by org.testng.reporters.JUnitReportReporter -->
<testsuite skipped="0" hostname="DESKTOP-HV97AC6" name="scripts.TestLogin" tests="1" failures="0" timestamp="03 Dec 2017 10:12:34 GMT" time="20.090" errors="0">
  <testcase name="testLogin" time="20.090" classname="scripts.TestLogin"/>
</testsuite> <!-- scripts.TestLogin -->
