<?xml version="1.0" encoding="UTF-8"?>
<!-- Generated by org.testng.reporters.JUnitReportReporter -->
<testsuite skipped="1" hostname="DESKTOP-HV97AC6" name="scripts.TestInvalidLogin" tests="1" failures="0" timestamp="09 Dec 2017 08:59:02 GMT" time="0.000" errors="0">
  <testcase name="testLogin" time="0.000" classname="scripts.TestInvalidLogin">
    <skipped/>
  </testcase> <!-- testLogin -->
</testsuite> <!-- scripts.TestInvalidLogin -->
